<?xml version="1.0" encoding="UTF-8"?>
<!-- Generated by org.testng.reporters.JUnitXMLReporter -->
<testsuite hostname="ROWLSIT063WZMV1" ignored="2" tests="0" failures="0" timestamp="2022-06-19T10:13:34 GST" time="0.032" errors="0">
  <testcase name="LoginPage_LogoTest" time="0.0" classname="com.evisa.qa.testcases.LoginPageTest">
    <ignored/>
  </testcase> <!-- LoginPage_LogoTest -->
  <testcase name="HomePage_LogoTest" time="0.0" classname="com.evisa.qa.testcases.LoginPageTest">
    <ignored/>
  </testcase> <!-- HomePage_LogoTest -->
</testsuite>
