<?xml version="1.0" encoding="UTF-8"?>
<!-- Generated by org.testng.reporters.JUnitXMLReporter -->
<testsuite hostname="ROWLSIT063WZMV1" ignored="0" name="IETest" tests="4" failures="0" timestamp="09 Jun 2022 11:02:00 GMT" time="129.5" errors="0">
  <testcase name="@BeforeMethod SetUp" time="67.963" classname="com.evisa.qa.testcases.LoginPageTest">
    <failure type="org.openqa.selenium.TimeoutException" message="Timed out waiting for page to load.
Build info: version: &amp;apos;3.141.59&amp;apos;, revision: &amp;apos;e82be7d358&amp;apos;, time: &amp;apos;2018-11-14T08:17:03&amp;apos;
System info: host: &amp;apos;ROWLSIT063WZMV1&amp;apos;, ip: &amp;apos;10.38.90.21&amp;apos;, os.name: &amp;apos;Windows 10&amp;apos;, os.arch: &amp;apos;amd64&amp;apos;, os.version: &amp;apos;10.0&amp;apos;, java.version: &amp;apos;1.8.0_281&amp;apos;
Driver info: org.openqa.selenium.ie.InternetExplorerDriver
Capabilities {acceptInsecureCerts: false, browserName: internet explorer, browserVersion: 11, javascriptEnabled: true, pageLoadStrategy: normal, platform: WINDOWS, platformName: WINDOWS, proxy: Proxy(), se:ieOptions: {browserAttachTimeout: 0, elementScrollBehavior: 0, enablePersistentHover: true, ie.browserCommandLineSwitches: , ie.edgechromium: false, ie.edgepath: , ie.ensureCleanSession: false, ie.fileUploadDialogTimeout: 3000, ie.forceCreateProcessApi: false, ignoreProtectedModeSettings: false, ignoreZoomSetting: false, initialBrowserUrl: http://localhost:26339/, nativeEvents: true, requireWindowFocus: false}, setWindowRect: true, strictFileInteractability: false, timeouts: {implicit: 0, pageLoad: 300000, script: 30000}, unhandledPromptBehavior: dismiss and notify}
Session ID: 9be8941a-5f6f-4f1d-bcd1-ce49895c8a11">
      <![CDATA[org.openqa.selenium.TimeoutException: Timed out waiting for page to load.
Build info: version: '3.141.59', revision: 'e82be7d358', time: '2018-11-14T08:17:03'
System info: host: 'ROWLSIT063WZMV1', ip: '10.38.90.21', os.name: 'Windows 10', os.arch: 'amd64', os.version: '10.0', java.version: '1.8.0_281'
Driver info: org.openqa.selenium.ie.InternetExplorerDriver
Capabilities {acceptInsecureCerts: false, browserName: internet explorer, browserVersion: 11, javascriptEnabled: true, pageLoadStrategy: normal, platform: WINDOWS, platformName: WINDOWS, proxy: Proxy(), se:ieOptions: {browserAttachTimeout: 0, elementScrollBehavior: 0, enablePersistentHover: true, ie.browserCommandLineSwitches: , ie.edgechromium: false, ie.edgepath: , ie.ensureCleanSession: false, ie.fileUploadDialogTimeout: 3000, ie.forceCreateProcessApi: false, ignoreProtectedModeSettings: false, ignoreZoomSetting: false, initialBrowserUrl: http://localhost:26339/, nativeEvents: true, requireWindowFocus: false}, setWindowRect: true, strictFileInteractability: false, timeouts: {implicit: 0, pageLoad: 300000, script: 30000}, unhandledPromptBehavior: dismiss and notify}
Session ID: 9be8941a-5f6f-4f1d-bcd1-ce49895c8a11
at org.openqa.selenium.remote.http.W3CHttpResponseCodec.createException(W3CHttpResponseCodec.java:187)
at org.openqa.selenium.remote.http.W3CHttpResponseCodec.decode(W3CHttpResponseCodec.java:122)
at org.openqa.selenium.remote.http.W3CHttpResponseCodec.decode(W3CHttpResponseCodec.java:49)
at org.openqa.selenium.remote.HttpCommandExecutor.execute(HttpCommandExecutor.java:158)
at org.openqa.selenium.remote.service.DriverCommandExecutor.execute(DriverCommandExecutor.java:83)
at org.openqa.selenium.remote.RemoteWebDriver.execute(RemoteWebDriver.java:552)
at org.openqa.selenium.remote.RemoteWebDriver.get(RemoteWebDriver.java:277)
at com.evisa.qa.base.EvisaBase.initialization(EvisaBase.java:90)
at com.evisa.qa.testcases.LoginPageTest.SetUp(LoginPageTest.java:32)
... Removed 36 stack frames]]>
    </failure>
  </testcase> <!-- @BeforeMethod SetUp -->
  <testcase name="@AfterMethod tearDown" time="0.0" classname="com.evisa.qa.testcases.LoginPageTest">
    <skipped/>
  </testcase> <!-- @AfterMethod tearDown -->
  <testcase name="@BeforeMethod SetUp" time="56.008" classname="com.evisa.qa.testcases.Sponsored_VisaTest">
    <failure type="org.openqa.selenium.TimeoutException" message="Timed out waiting for page to load.
Build info: version: &amp;apos;3.141.59&amp;apos;, revision: &amp;apos;e82be7d358&amp;apos;, time: &amp;apos;2018-11-14T08:17:03&amp;apos;
System info: host: &amp;apos;ROWLSIT063WZMV1&amp;apos;, ip: &amp;apos;10.38.90.21&amp;apos;, os.name: &amp;apos;Windows 10&amp;apos;, os.arch: &amp;apos;amd64&amp;apos;, os.version: &amp;apos;10.0&amp;apos;, java.version: &amp;apos;1.8.0_281&amp;apos;
Driver info: org.openqa.selenium.ie.InternetExplorerDriver
Capabilities {acceptInsecureCerts: false, browserName: internet explorer, browserVersion: 11, javascriptEnabled: true, pageLoadStrategy: normal, platform: WINDOWS, platformName: WINDOWS, proxy: Proxy(), se:ieOptions: {browserAttachTimeout: 0, elementScrollBehavior: 0, enablePersistentHover: true, ie.browserCommandLineSwitches: , ie.edgechromium: false, ie.edgepath: , ie.ensureCleanSession: false, ie.fileUploadDialogTimeout: 3000, ie.forceCreateProcessApi: false, ignoreProtectedModeSettings: false, ignoreZoomSetting: false, initialBrowserUrl: http://localhost:22869/, nativeEvents: true, requireWindowFocus: false}, setWindowRect: true, strictFileInteractability: false, timeouts: {implicit: 0, pageLoad: 300000, script: 30000}, unhandledPromptBehavior: dismiss and notify}
Session ID: a870505e-03b1-42d7-bf0d-cb4dfc54db5e">
      <![CDATA[org.openqa.selenium.TimeoutException: Timed out waiting for page to load.
Build info: version: '3.141.59', revision: 'e82be7d358', time: '2018-11-14T08:17:03'
System info: host: 'ROWLSIT063WZMV1', ip: '10.38.90.21', os.name: 'Windows 10', os.arch: 'amd64', os.version: '10.0', java.version: '1.8.0_281'
Driver info: org.openqa.selenium.ie.InternetExplorerDriver
Capabilities {acceptInsecureCerts: false, browserName: internet explorer, browserVersion: 11, javascriptEnabled: true, pageLoadStrategy: normal, platform: WINDOWS, platformName: WINDOWS, proxy: Proxy(), se:ieOptions: {browserAttachTimeout: 0, elementScrollBehavior: 0, enablePersistentHover: true, ie.browserCommandLineSwitches: , ie.edgechromium: false, ie.edgepath: , ie.ensureCleanSession: false, ie.fileUploadDialogTimeout: 3000, ie.forceCreateProcessApi: false, ignoreProtectedModeSettings: false, ignoreZoomSetting: false, initialBrowserUrl: http://localhost:22869/, nativeEvents: true, requireWindowFocus: false}, setWindowRect: true, strictFileInteractability: false, timeouts: {implicit: 0, pageLoad: 300000, script: 30000}, unhandledPromptBehavior: dismiss and notify}
Session ID: a870505e-03b1-42d7-bf0d-cb4dfc54db5e
at org.openqa.selenium.remote.http.W3CHttpResponseCodec.createException(W3CHttpResponseCodec.java:187)
at org.openqa.selenium.remote.http.W3CHttpResponseCodec.decode(W3CHttpResponseCodec.java:122)
at org.openqa.selenium.remote.http.W3CHttpResponseCodec.decode(W3CHttpResponseCodec.java:49)
at org.openqa.selenium.remote.HttpCommandExecutor.execute(HttpCommandExecutor.java:158)
at org.openqa.selenium.remote.service.DriverCommandExecutor.execute(DriverCommandExecutor.java:83)
at org.openqa.selenium.remote.RemoteWebDriver.execute(RemoteWebDriver.java:552)
at org.openqa.selenium.remote.RemoteWebDriver.get(RemoteWebDriver.java:277)
at com.evisa.qa.base.EvisaBase.initialization(EvisaBase.java:90)
at com.evisa.qa.testcases.Sponsored_VisaTest.SetUp(Sponsored_VisaTest.java:74)
... Removed 36 stack frames]]>
    </failure>
  </testcase> <!-- @BeforeMethod SetUp -->
  <testcase name="@BeforeMethod SetUp" time="0.0" classname="com.evisa.qa.testcases.Sponsored_VisaTest">
    <skipped/>
  </testcase> <!-- @BeforeMethod SetUp -->
  <testcase name="@BeforeMethod SetUp" time="0.0" classname="com.evisa.qa.testcases.LoginPageTest">
    <skipped/>
  </testcase> <!-- @BeforeMethod SetUp -->
  <testcase name="@AfterMethod tearDown" time="0.0" classname="com.evisa.qa.testcases.LoginPageTest">
    <skipped/>
  </testcase> <!-- @AfterMethod tearDown -->
  <testcase name="eVisaLogoTest" time="0.0" classname="com.evisa.qa.testcases.LoginPageTest">
    <skipped/>
  </testcase> <!-- eVisaLogoTest -->
  <testcase name="ApplyVisa_Sponsored" time="0.0" classname="com.evisa.qa.testcases.Sponsored_VisaTest">
    <skipped/>
  </testcase> <!-- ApplyVisa_Sponsored -->
  <testcase name="ApplyVisa_Sponsored" time="0.0" classname="com.evisa.qa.testcases.Sponsored_VisaTest">
    <skipped/>
  </testcase> <!-- ApplyVisa_Sponsored -->
  <testcase name="logintest" time="0.0" classname="com.evisa.qa.testcases.LoginPageTest">
    <skipped/>
  </testcase> <!-- logintest -->
</testsuite> <!-- IETest -->
