<?xml version="1.0" encoding="UTF-8"?>
<testng-results skipped="0" failed="0" ignored="0" total="1" passed="1">
  <reporter-output>
  </reporter-output>
  <suite name="Default suite" duration-ms="32360" started-at="2022-05-31T11:52:40Z" finished-at="2022-05-31T11:53:12Z">
    <groups>
    </groups>
    <test name="Default test" duration-ms="32360" started-at="2022-05-31T11:52:40Z" finished-at="2022-05-31T11:53:12Z">
      <class name="com.evisa.qa.testcases.LoginPageTest">
        <test-method status="PASS" signature="SetUp()[pri:0, instance:com.evisa.qa.testcases.LoginPageTest@130161f7]" name="SetUp" is-config="true" duration-ms="16337" started-at="2022-05-31T11:52:40Z" finished-at="2022-05-31T11:52:57Z">
          <reporter-output>
          </reporter-output>
        </test-method> <!-- SetUp -->
        <test-method status="PASS" signature="logintest()[pri:0, instance:com.evisa.qa.testcases.LoginPageTest@130161f7]" name="logintest" duration-ms="15962" started-at="2022-05-31T11:52:57Z" finished-at="2022-05-31T11:53:12Z">
          <reporter-output>
          </reporter-output>
        </test-method> <!-- logintest -->
      </class> <!-- com.evisa.qa.testcases.LoginPageTest -->
    </test> <!-- Default test -->
  </suite> <!-- Default suite -->
</testng-results>
